[debug] [2022-10-22T15:51:29.694Z] ----------------------------------------------------------------------
[debug] [2022-10-22T15:51:29.698Z] Command:       C:\Program Files\nodejs\node.exe C:\Users\nancy\AppData\Roaming\npm\node_modules\firebase-tools\lib\bin\firebase.js init hosting
[debug] [2022-10-22T15:51:29.699Z] CLI Version:   10.9.2
[debug] [2022-10-22T15:51:29.699Z] Platform:      win32
[debug] [2022-10-22T15:51:29.699Z] Node Version:  v14.17.6
[debug] [2022-10-22T15:51:29.701Z] Time:          Sat Oct 22 2022 10:51:29 GMT-0500 (Central Daylight Time)
[debug] [2022-10-22T15:51:29.702Z] ----------------------------------------------------------------------
[debug] 
[debug] [2022-10-22T15:51:29.718Z] > command requires scopes: ["email","openid","https://www.googleapis.com/auth/cloudplatformprojects.readonly","https://www.googleapis.com/auth/firebase","https://www.googleapis.com/auth/cloud-platform"]
[debug] [2022-10-22T15:51:29.718Z] > authorizing via signed-in user (nancyyount14@gmail.com)
[info] 
     ######## #### ########  ######## ########     ###     ######  ########
     ##        ##  ##     ## ##       ##     ##  ##   ##  ##       ##
     ######    ##  ########  ######   ########  #########  ######  ######
     ##        ##  ##    ##  ##       ##     ## ##     ##       ## ##
     ##       #### ##     ## ######## ########  ##     ##  ######  ########

You're about to initialize a Firebase project in this directory:

  C:\Users\nancy\Desktop\Programing\Angular\virtual-envelopes

[info] 
=== Project Setup
[info] 
[info] First, let's associate this project directory with a Firebase project.
[info] You can create multiple project aliases by running firebase use --add, 
[info] but for now we'll just set up a default project.
[info] 
[debug] [2022-10-22T15:51:33.821Z] >>> [apiv2][query] GET https://firebase.googleapis.com/v1beta1/projects pageSize=100
[debug] [2022-10-22T15:51:34.163Z] <<< [apiv2][status] GET https://firebase.googleapis.com/v1beta1/projects 200
[debug] [2022-10-22T15:51:34.163Z] <<< [apiv2][body] GET https://firebase.googleapis.com/v1beta1/projects [omitted]
[info] i  Using project virtualenvelopes (virtualenvelopes) 
[info] 
=== Hosting Setup
[info] 
[info] Your public directory is the folder (relative to your project directory) that
[info] will contain Hosting assets to be uploaded with firebase deploy. If you
[info] have a build process for your assets, use your build's output directory.
[info] 
[debug] [2022-10-22T15:54:20.150Z] >>> [apiv2][query] GET https://www.gstatic.com/firebasejs/releases.json [none]
[debug] [2022-10-22T15:54:20.306Z] <<< [apiv2][status] GET https://www.gstatic.com/firebasejs/releases.json 200
[debug] [2022-10-22T15:54:20.306Z] <<< [apiv2][body] GET https://www.gstatic.com/firebasejs/releases.json {"current":{"version":"9.12.1","browserURL":"https://www.gstatic.com/firebasejs/9.12.1/firebase.js","packageURL":"https://www.gstatic.com/firebasejs/9.12.1/firebase.tgz"},"live":{"version":"9.12","browserURL":"https://www.gstatic.com/firebasejs/live/9.12/firebase.js","packageURL":"https://www.gstatic.com/firebasejs/live/9.12/firebase.tgz"},"components":{"analytics":"https://www.gstatic.com/firebasejs/9.12.1/firebase-analytics.js","app":"https://www.gstatic.com/firebasejs/9.12.1/firebase-app.js","app-check":"https://www.gstatic.com/firebasejs/9.12.1/firebase-app-check.js","auth":"https://www.gstatic.com/firebasejs/9.12.1/firebase-auth.js","auth/cordova":"https://www.gstatic.com/firebasejs/9.12.1/firebase-auth/cordova.js","auth/react-native":"https://www.gstatic.com/firebasejs/9.12.1/firebase-auth/react-native.js","functions":"https://www.gstatic.com/firebasejs/9.12.1/firebase-functions.js","firestore":"https://www.gstatic.com/firebasejs/9.12.1/firebase-firestore.js","firestore/lite":"https://www.gstatic.com/firebasejs/9.12.1/firebase-firestore/lite.js","installations":"https://www.gstatic.com/firebasejs/9.12.1/firebase-installations.js","storage":"https://www.gstatic.com/firebasejs/9.12.1/firebase-storage.js","performance":"https://www.gstatic.com/firebasejs/9.12.1/firebase-performance.js","remote-config":"https://www.gstatic.com/firebasejs/9.12.1/firebase-remote-config.js","messaging":"https://www.gstatic.com/firebasejs/9.12.1/firebase-messaging.js","messaging/sw":"https://www.gstatic.com/firebasejs/9.12.1/firebase-messaging/sw.js","database":"https://www.gstatic.com/firebasejs/9.12.1/firebase-database.js","firestore.memory":"https://www.gstatic.com/firebasejs/9.12.1/firebase-firestore.memory.js"}}
[info] i  Skipping write of dist/virtual-envelopes/index.html 
[info] 
[info] i  Detected a .git folder at C:\Users\nancy\Desktop\Programing\Angular\virtual-envelopes 
[info] i  Authorizing with GitHub to upload your service account to a GitHub repository's secrets store. 
[info] 
[info] Visit this URL on this device to log in:
[info] https://github.com/login/oauth/authorize?client_id=89cf50f02ac6aaed3484&state=986479210&redirect_uri=http%3A%2F%2Flocalhost%3A9005&scope=read%3Auser%20repo%20public_repo
[info] 
[info] Waiting for authentication...
[debug] [2022-10-22T15:54:27.609Z] >>> HTTP REQUEST POST https://github.com/login/oauth/access_token  
 {"client_id":"89cf50f02ac6aaed3484","client_secret":"3330d14abc895d9a74d5f17cd7a00711fa2c5bf0","code":"995c978165ed2a5fd463","redirect_uri":"http://localhost:9005","state":"986479210"}
[debug] [2022-10-22T15:54:27.919Z] <<< HTTP RESPONSE 200 {"server":"GitHub.com","date":"Sat, 22 Oct 2022 15:54:28 GMT","content-type":"application/json; charset=utf-8","transfer-encoding":"chunked","vary":"X-PJAX, X-PJAX-Container, Turbo-Visit, Turbo-Frame, Accept-Encoding, Accept, X-Requested-With","etag":"W/\"868330948353caab23ef3dca887bf769\"","cache-control":"max-age=0, private, must-revalidate","strict-transport-security":"max-age=31536000; includeSubdomains; preload","x-frame-options":"deny","x-content-type-options":"nosniff","x-xss-protection":"0","referrer-policy":"origin-when-cross-origin, strict-origin-when-cross-origin","expect-ct":"max-age=2592000, report-uri=\"https://api.github.com/_private/browser/errors\"","content-security-policy":"default-src 'none'; base-uri 'self'; block-all-mixed-content; child-src github.com/assets-cdn/worker/ gist.github.com/assets-cdn/worker/; connect-src 'self' uploads.github.com objects-origin.githubusercontent.com www.githubstatus.com collector.github.com raw.githubusercontent.com api.github.com github-cloud.s3.amazonaws.com github-production-repository-file-5c1aeb.s3.amazonaws.com github-production-upload-manifest-file-7fdce7.s3.amazonaws.com github-production-user-asset-6210df.s3.amazonaws.com cdn.optimizely.com logx.optimizely.com/v1/events *.actions.githubusercontent.com wss://*.actions.githubusercontent.com online.visualstudio.com/api/v1/locations github-production-repository-image-32fea6.s3.amazonaws.com github-production-release-asset-2e65be.s3.amazonaws.com insights.github.com wss://alive.github.com; font-src github.githubassets.com; form-action 'self' github.com gist.github.com objects-origin.githubusercontent.com; frame-ancestors 'none'; frame-src viewscreen.githubusercontent.com notebooks.githubusercontent.com; img-src 'self' data: github.githubassets.com identicons.github.com github-cloud.s3.amazonaws.com secured-user-images.githubusercontent.com/ github-production-user-asset-6210df.s3.amazonaws.com customer-stories-feed.github.com spotlights-feed.github.com *.githubusercontent.com; manifest-src 'self'; media-src github.com user-images.githubusercontent.com/ secured-user-images.githubusercontent.com/; script-src github.githubassets.com; style-src 'unsafe-inline' github.githubassets.com; worker-src github.com/assets-cdn/worker/ gist.github.com/assets-cdn/worker/","x-github-request-id":"61DE:0BFD:4A4ED14:6BC044D:63541233"}
[debug] [2022-10-22T15:54:27.935Z] >>> [apiv2][query] GET https://api.github.com/user [none]
[debug] [2022-10-22T15:54:28.217Z] <<< [apiv2][status] GET https://api.github.com/user 200
[debug] [2022-10-22T15:54:28.218Z] <<< [apiv2][body] GET https://api.github.com/user {"login":"nyount14","id":90732548,"node_id":"MDQ6VXNlcjkwNzMyNTQ4","avatar_url":"https://avatars.githubusercontent.com/u/90732548?v=4","gravatar_id":"","url":"https://api.github.com/users/nyount14","html_url":"https://github.com/nyount14","followers_url":"https://api.github.com/users/nyount14/followers","following_url":"https://api.github.com/users/nyount14/following{/other_user}","gists_url":"https://api.github.com/users/nyount14/gists{/gist_id}","starred_url":"https://api.github.com/users/nyount14/starred{/owner}{/repo}","subscriptions_url":"https://api.github.com/users/nyount14/subscriptions","organizations_url":"https://api.github.com/users/nyount14/orgs","repos_url":"https://api.github.com/users/nyount14/repos","events_url":"https://api.github.com/users/nyount14/events{/privacy}","received_events_url":"https://api.github.com/users/nyount14/received_events","type":"User","site_admin":false,"name":null,"company":null,"blog":"","location":null,"email":null,"hireable":null,"bio":null,"twitter_username":null,"public_repos":39,"public_gists":0,"followers":5,"following":12,"created_at":"2021-09-14T23:25:50Z","updated_at":"2022-08-02T01:28:38Z","private_gists":0,"total_private_repos":5,"owned_private_repos":4,"disk_usage":29510,"collaborators":3,"two_factor_authentication":false,"plan":{"name":"free","space":976562499,"collaborators":0,"private_repos":10000}}
[info] 
[info] +  Success! Logged into GitHub as nyount14 
[info] 
[debug] [2022-10-22T15:55:56.934Z] >>> [apiv2][query] GET https://api.github.com/repos/nyount14/virtual-envelopes/actions/secrets/public-key type=owner
[debug] [2022-10-22T15:55:57.132Z] <<< [apiv2][status] GET https://api.github.com/repos/nyount14/virtual-envelopes/actions/secrets/public-key 404
[debug] [2022-10-22T15:55:57.132Z] <<< [apiv2][body] GET https://api.github.com/repos/nyount14/virtual-envelopes/actions/secrets/public-key {"message":"Not Found","documentation_url":"https://docs.github.com/rest/reference/actions#get-a-repository-public-key"}
[debug] [2022-10-22T15:56:01.335Z] >>> [apiv2][query] GET https://api.github.com/repos/nyount14/virtual-envelopes/actions/secrets/public-key type=owner
[debug] [2022-10-22T15:56:01.593Z] <<< [apiv2][status] GET https://api.github.com/repos/nyount14/virtual-envelopes/actions/secrets/public-key 404
[debug] [2022-10-22T15:56:01.593Z] <<< [apiv2][body] GET https://api.github.com/repos/nyount14/virtual-envelopes/actions/secrets/public-key {"message":"Not Found","documentation_url":"https://docs.github.com/rest/reference/actions#get-a-repository-public-key"}
[debug] [2022-10-22T15:56:57.528Z] >>> [apiv2][query] GET https://api.github.com/repos/nyount14/virtual-envelopes/actions/secrets/public-key type=owner
[debug] [2022-10-22T15:56:57.677Z] <<< [apiv2][status] GET https://api.github.com/repos/nyount14/virtual-envelopes/actions/secrets/public-key 404
[debug] [2022-10-22T15:56:57.678Z] <<< [apiv2][body] GET https://api.github.com/repos/nyount14/virtual-envelopes/actions/secrets/public-key {"message":"Not Found","documentation_url":"https://docs.github.com/rest/reference/actions#get-a-repository-public-key"}
[debug] [2022-10-22T15:56:58.315Z] >>> [apiv2][query] GET https://api.github.com/repos/nyount14/virtual-envelopes/actions/secrets/public-key type=owner
[debug] [2022-10-22T15:56:58.455Z] <<< [apiv2][status] GET https://api.github.com/repos/nyount14/virtual-envelopes/actions/secrets/public-key 404
[debug] [2022-10-22T15:56:58.455Z] <<< [apiv2][body] GET https://api.github.com/repos/nyount14/virtual-envelopes/actions/secrets/public-key {"message":"Not Found","documentation_url":"https://docs.github.com/rest/reference/actions#get-a-repository-public-key"}
[debug] [2022-10-22T15:58:55.502Z] >>> [apiv2][query] GET https://api.github.com/repos//actions/secrets/public-key type=owner
[debug] [2022-10-22T15:58:55.659Z] <<< [apiv2][status] GET https://api.github.com/repos//actions/secrets/public-key 404
[debug] [2022-10-22T15:58:55.659Z] <<< [apiv2][body] GET https://api.github.com/repos//actions/secrets/public-key {"message":"Not Found","documentation_url":"https://docs.github.com/rest"}
[debug] [2022-10-22T15:58:58.478Z] >>> [apiv2][query] GET https://api.github.com/repos//actions/secrets/public-key type=owner
[debug] [2022-10-22T15:58:58.609Z] <<< [apiv2][status] GET https://api.github.com/repos//actions/secrets/public-key 404
[debug] [2022-10-22T15:58:58.609Z] <<< [apiv2][body] GET https://api.github.com/repos//actions/secrets/public-key {"message":"Not Found","documentation_url":"https://docs.github.com/rest"}
[debug] [2022-10-22T15:59:35.326Z] >>> [apiv2][query] GET https://api.github.com/repos/exit/actions/secrets/public-key type=owner
[debug] [2022-10-22T15:59:35.477Z] <<< [apiv2][status] GET https://api.github.com/repos/exit/actions/secrets/public-key 404
[debug] [2022-10-22T15:59:35.478Z] <<< [apiv2][body] GET https://api.github.com/repos/exit/actions/secrets/public-key {"message":"Not Found","documentation_url":"https://docs.github.com/rest"}
